<?xml version="1.0" encoding="UTF-8"?>
<testng-results ignored="0" total="1" passed="1" failed="0" skipped="0">
  <reporter-output>
  </reporter-output>
  <suite started-at="2025-02-11T14:52:39 IST" name="Default suite" finished-at="2025-02-11T14:52:41 IST" duration-ms="2209">
    <groups>
    </groups>
    <test started-at="2025-02-11T14:52:39 IST" name="Default test" finished-at="2025-02-11T14:52:41 IST" duration-ms="2209">
      <class name="testingapipack.getrequest">
        <test-method is-config="true" signature="setup()[pri:0, instance:testingapipack.getrequest@6f1de4c7]" started-at="2025-02-11T14:52:39 IST" name="setup" finished-at="2025-02-11T14:52:40 IST" duration-ms="348" status="PASS">
          <reporter-output>
          </reporter-output>
        </test-method> <!-- setup -->
        <test-method signature="testGetUsers()[pri:0, instance:testingapipack.getrequest@6f1de4c7]" started-at="2025-02-11T14:52:40 IST" name="testGetUsers" finished-at="2025-02-11T14:52:41 IST" duration-ms="1827" status="PASS">
          <reporter-output>
          </reporter-output>
        </test-method> <!-- testGetUsers -->
      </class> <!-- testingapipack.getrequest -->
    </test> <!-- Default test -->
  </suite> <!-- Default suite -->
</testng-results>
