<?xml version="1.0" encoding="UTF-8"?>
<testng-results ignored="0" total="2" passed="2" failed="0" skipped="0">
  <reporter-output>
  </reporter-output>
  <suite started-at="2025-02-11T11:44:49 IST" name="Default suite" finished-at="2025-02-11T11:45:03 IST" duration-ms="13823">
    <groups>
    </groups>
    <test started-at="2025-02-11T11:44:49 IST" name="Default test" finished-at="2025-02-11T11:45:03 IST" duration-ms="13823">
      <class name="webdriveruniversity.Contactusform">
        <test-method is-config="true" signature="urlopening()[pri:0, instance:webdriveruniversity.Contactusform@59662a0b]" started-at="2025-02-11T11:44:44 IST" name="urlopening" finished-at="2025-02-11T11:44:49 IST" duration-ms="4429" status="PASS">
          <reporter-output>
          </reporter-output>
        </test-method> <!-- urlopening -->
        <test-method signature="adddata()[pri:0, instance:webdriveruniversity.Contactusform@59662a0b]" started-at="2025-02-11T11:44:49 IST" name="adddata" finished-at="2025-02-11T11:44:58 IST" duration-ms="9373" status="PASS">
          <reporter-output>
          </reporter-output>
        </test-method> <!-- adddata -->
        <test-method signature="submitWithoutData()[pri:0, instance:webdriveruniversity.Contactusform@59662a0b]" started-at="2025-02-11T11:44:58 IST" name="submitWithoutData" finished-at="2025-02-11T11:45:03 IST" duration-ms="4426" status="PASS">
          <reporter-output>
          </reporter-output>
        </test-method> <!-- submitWithoutData -->
        <test-method is-config="true" signature="tearDown()[pri:0, instance:webdriveruniversity.Contactusform@59662a0b]" started-at="2025-02-11T11:45:03 IST" name="tearDown" finished-at="2025-02-11T11:45:03 IST" duration-ms="377" status="PASS">
          <reporter-output>
          </reporter-output>
        </test-method> <!-- tearDown -->
      </class> <!-- webdriveruniversity.Contactusform -->
    </test> <!-- Default test -->
  </suite> <!-- Default suite -->
</testng-results>
