<?xml version="1.0" encoding="UTF-8"?>
<!-- Generated by org.testng.reporters.JUnitXMLReporter -->
<testsuite ignored="0" hostname="VM-Lab34-3-440" failures="0" tests="3" name="Default test" time="4.662" errors="0" timestamp="2025-02-17T04:48:19 UTC">
  <testcase classname="pageobejctmodel.Saucedemo" name="login" time="0.391"/>
  <testcase classname="pageobejctmodel.Saucedemo" name="selectproduct" time="0.154"/>
  <testcase classname="pageobejctmodel.Saucedemo" name="completeaction" time="1.77"/>
</testsuite> <!-- Default test -->
