<?xml version="1.0" encoding="UTF-8"?>
<!-- Generated by org.testng.reporters.JUnitXMLReporter -->
<testsuite ignored="0" hostname="vm-lab76-3-439.asia-south1-b.c.niit-stackroute-2.internal" failures="0" tests="2" name="Default test" time="13.823" errors="0" timestamp="2025-02-11T11:45:03 IST">
  <testcase classname="webdriveruniversity.Contactusform" name="adddata" time="9.373"/>
  <testcase classname="webdriveruniversity.Contactusform" name="submitWithoutData" time="4.426"/>
</testsuite> <!-- Default test -->
