<?xml version="1.0" encoding="UTF-8"?>
<testng-results ignored="0" total="1" passed="1" failed="0" skipped="0">
  <reporter-output>
  </reporter-output>
  <suite started-at="2025-02-13T09:34:52 UTC" name="Default suite" finished-at="2025-02-13T09:34:57 UTC" duration-ms="5405">
    <groups>
      <group name="cucumber">
        <method signature="AbstractTestNGCucumberTests.runScenario(io.cucumber.testng.PickleWrapper,io.cucumber.testng.FeatureWrapper)[pri:0, instance:cucumbertests.TestRunnerClass@7205765b]" name="runScenario" class="io.cucumber.testng.AbstractTestNGCucumberTests"/>
      </group> <!-- cucumber -->
    </groups>
    <test started-at="2025-02-13T09:34:52 UTC" name="Default test" finished-at="2025-02-13T09:34:57 UTC" duration-ms="5405">
      <class name="cucumbertests.TestRunnerClass">
        <test-method is-config="true" signature="setUpClass(org.testng.ITestContext)[pri:0, instance:cucumbertests.TestRunnerClass@7205765b]" started-at="2025-02-13T09:34:52 UTC" name="setUpClass" finished-at="2025-02-13T09:34:52 UTC" duration-ms="574" status="PASS">
          <params>
            <param index="0">
              <value>
                <![CDATA[org.testng.TestRunner@3c782d8e]]>
              </value>
            </param>
          </params>
          <reporter-output>
          </reporter-output>
        </test-method> <!-- setUpClass -->
        <test-method signature="runScenario(io.cucumber.testng.PickleWrapper,io.cucumber.testng.FeatureWrapper)[pri:0, instance:cucumbertests.TestRunnerClass@7205765b]" started-at="2025-02-13T09:34:52 UTC" name="runScenario" description="Runs Cucumber Scenarios" data-provider="scenarios" finished-at="2025-02-13T09:34:57 UTC" duration-ms="4768" status="PASS">
          <params>
            <param index="0">
              <value>
                <![CDATA["login with valid"]]>
              </value>
            </param>
            <param index="1">
              <value>
                <![CDATA["user login creadentials"]]>
              </value>
            </param>
          </params>
          <reporter-output>
          </reporter-output>
        </test-method> <!-- runScenario -->
        <test-method is-config="true" signature="tearDownClass()[pri:0, instance:cucumbertests.TestRunnerClass@7205765b]" started-at="2025-02-13T09:34:57 UTC" name="tearDownClass" finished-at="2025-02-13T09:34:57 UTC" duration-ms="23" status="PASS">
          <reporter-output>
          </reporter-output>
        </test-method> <!-- tearDownClass -->
      </class> <!-- cucumbertests.TestRunnerClass -->
    </test> <!-- Default test -->
  </suite> <!-- Default suite -->
</testng-results>
