<?xml version="1.0" encoding="UTF-8"?>
<!-- Generated by org.testng.reporters.JUnitXMLReporter -->
<testsuite ignored="0" hostname="VM-Lab34-3-440" failures="0" tests="6" name="Default test" time="63.377" errors="0" timestamp="2025-02-17T06:51:44 UTC">
  <testcase classname="MileStonepackage.Scneario3" name="openurlforpom" time="0.993"/>
  <testcase classname="MileStonepackage.Scneario3" name="openurl" time="2.884"/>
  <testcase classname="MileStonepackage.Scneario3" name="listurlsofmainmenu" time="14.031"/>
  <testcase classname="MileStonepackage.Scneario3" name="softwaremenunav" time="20.582"/>
  <testcase classname="MileStonepackage.Scneario3" name="capturenavitems" time="4.035"/>
  <testcase classname="MileStonepackage.Scneario3" name="zerotouch" time="14.299"/>
</testsuite> <!-- Default test -->
