<?xml version="1.0" encoding="UTF-8"?>
<!-- Generated by org.testng.reporters.JUnitXMLReporter -->
<testsuite ignored="0" hostname="vm-lab76-3-439.asia-south1-b.c.niit-stackroute-2.internal" failures="0" tests="5" name="Default test" time="88.227" errors="0" timestamp="2025-02-11T14:02:53 IST">
  <testcase classname="MileStonepackage.Scneario3" name="openurl" time="19.145"/>
  <testcase classname="MileStonepackage.Scneario3" name="listurlsofmainmenu" time="15.394"/>
  <testcase classname="MileStonepackage.Scneario3" name="softwaremenunav" time="24.152"/>
  <testcase classname="MileStonepackage.Scneario3" name="capturenavitems" time="4.503"/>
  <testcase classname="MileStonepackage.Scneario3" name="zerotouch" time="24.98"/>
</testsuite> <!-- Default test -->
